0 info it worked if it ends with ok
1 verbose cli [ 'C:\\Program Files\\nodejs\\node.exe',
1 verbose cli   'C:\\Users\\kalaiselvi.rajendran\\AppData\\Roaming\\npm\\node_modules\\npm\\bin\\npm-cli.js',
1 verbose cli   'run',
1 verbose cli   'server' ]
2 info using npm@4.1.2
3 info using node@v7.6.0
4 verbose run-script [ 'preserver', 'server', 'postserver' ]
5 info lifecycle angular2-seed@1.0.0~preserver: angular2-seed@1.0.0
6 silly lifecycle angular2-seed@1.0.0~preserver: no script for preserver, continuing
7 info lifecycle angular2-seed@1.0.0~server: angular2-seed@1.0.0
8 verbose lifecycle angular2-seed@1.0.0~server: unsafe-perm in lifecycle true
9 verbose lifecycle angular2-seed@1.0.0~server: PATH: C:\Users\kalaiselvi.rajendran\AppData\Roaming\npm\node_modules\npm\bin\node-gyp-bin;D:\20-11-2017(Samples)\EJ2\Samples\ej2-Dropdownlist-Modal-dialog\node_modules\.bin;C:\Users\kalaiselvi.rajendran\AppData\Roaming\npm\node_modules\npm\bin\node-gyp-bin;D:\20-11-2017(Samples)\EJ2\Samples\ej2-Dropdownlist-Modal-dialog\node_modules\.bin;C:\Program Files (x86)\Intel\iCLS Client\;C:\Program Files\Intel\iCLS Client\;C:\Windows\system32;C:\Windows;C:\Windows\System32\Wbem;C:\Windows\System32\WindowsPowerShell\v1.0\;C:\Program Files (x86)\Intel\OpenCL SDK\2.0\bin\x86;C:\Program Files (x86)\Intel\OpenCL SDK\2.0\bin\x64;C:\Program Files\Intel\WiFi\bin\;C:\Program Files\Common Files\Intel\WirelessCommon\;C:\Program Files\Intel\Intel(R) Management Engine Components\DAL;C:\Program Files\Intel\Intel(R) Management Engine Components\IPT;C:\Program Files (x86)\Intel\Intel(R) Management Engine Components\DAL;C:\Program Files (x86)\Intel\Intel(R) Management Engine Components\IPT;C:\Program Files\Microsoft SQL Server\110\Tools\Binn\;C:\Program Files\Microsoft SQL Server\120\Tools\Binn\;C:\Program Files\Microsoft SQL Server\130\Tools\Binn\;C:\Program Files\TortoiseSVN\bin;C:\Program Files\TortoiseGit\bin;C:\Program Files\Git\cmd;C:\Program Files (x86)\Microsoft Emulator Manager\1.0\;C:\Program Files (x86)\Windows Kits\10\Windows Performance Toolkit\;C:\Users\kalaiselvi.rajendran\AppData\Roaming\npm;C:\Program Files\dotnet\;C:\Program Files\Microsoft SQL Server\110\DTS\Binn\;C:\Program Files (x86)\Microsoft SQL Server\110\Tools\Binn\;C:\Program Files (x86)\Microsoft SQL Server\110\Tools\Binn\ManagementStudio\;C:\Program Files (x86)\Microsoft Visual Studio 10.0\Common7\IDE\PrivateAssemblies\;C:\Program Files (x86)\Microsoft SQL Server\110\DTS\Binn\;C:\Program Files\nodejs\;C:\Program Files (x86)\Microsoft VS Code\bin;C:\Users\kalaiselvi.rajendran\AppData\Roaming\npm
10 verbose lifecycle angular2-seed@1.0.0~server: CWD: D:\20-11-2017(Samples)\EJ2\Samples\ej2-Dropdownlist-Modal-dialog
11 silly lifecycle angular2-seed@1.0.0~server: Args: [ '/d /s /c',
11 silly lifecycle   'webpack-dev-server --inline --progress --port 3005 --content-base src' ]
12 silly lifecycle angular2-seed@1.0.0~server: Returned: code: 3221225786  signal: null
13 info lifecycle angular2-seed@1.0.0~server: Failed to exec server script
14 verbose stack Error: angular2-seed@1.0.0 server: `webpack-dev-server --inline --progress --port 3005 --content-base src`
14 verbose stack Exit status 3221225786
14 verbose stack     at EventEmitter.<anonymous> (C:\Users\kalaiselvi.rajendran\AppData\Roaming\npm\node_modules\npm\lib\utils\lifecycle.js:279:16)
14 verbose stack     at emitTwo (events.js:106:13)
14 verbose stack     at EventEmitter.emit (events.js:192:7)
14 verbose stack     at ChildProcess.<anonymous> (C:\Users\kalaiselvi.rajendran\AppData\Roaming\npm\node_modules\npm\lib\utils\spawn.js:40:14)
14 verbose stack     at emitTwo (events.js:106:13)
14 verbose stack     at ChildProcess.emit (events.js:192:7)
14 verbose stack     at maybeClose (internal/child_process.js:890:16)
14 verbose stack     at Process.ChildProcess._handle.onexit (internal/child_process.js:226:5)
15 verbose pkgid angular2-seed@1.0.0
16 verbose cwd D:\20-11-2017(Samples)\EJ2\Samples\ej2-Dropdownlist-Modal-dialog
17 error Windows_NT 6.3.9600
18 error argv "C:\\Program Files\\nodejs\\node.exe" "C:\\Users\\kalaiselvi.rajendran\\AppData\\Roaming\\npm\\node_modules\\npm\\bin\\npm-cli.js" "run" "server"
19 error node v7.6.0
20 error npm  v4.1.2
21 error code ELIFECYCLE
22 error angular2-seed@1.0.0 server: `webpack-dev-server --inline --progress --port 3005 --content-base src`
22 error Exit status 3221225786
23 error Failed at the angular2-seed@1.0.0 server script 'webpack-dev-server --inline --progress --port 3005 --content-base src'.
23 error Make sure you have the latest version of node.js and npm installed.
23 error If you do, this is most likely a problem with the angular2-seed package,
23 error not with npm itself.
23 error Tell the author that this fails on your system:
23 error     webpack-dev-server --inline --progress --port 3005 --content-base src
23 error You can get information on how to open an issue for this project with:
23 error     npm bugs angular2-seed
23 error Or if that isn't available, you can get their info via:
23 error     npm owner ls angular2-seed
23 error There is likely additional logging output above.
24 verbose exit [ 1, true ]
